1715436121109:help
1715436129055:clear
1715436132530:version
1715436135917:script
1715436144442:stacktrace
1715436148804:help
1715436161304:clear
1715436162704:quit
1715674834253:help
1715674842353:hello-world
1715674861657:hello-world -Luiz
1715674872611:hello-world -arg Luiz
1715674882804:hello-world --arg Luiz
1715674898241:hello-world luiz
1715677801217:help
1715677953920:enable --action create --name CLI --price 10.0
1715812068088:help
1715812303554:product --id 93e9f840-e874-4e25-ae11-da860444a440
1715812611259:product --enable 93e9f840-e874-4e25-ae11-da860444a44
1715812633970:produc --action enable --id 93e9f840-e874-4e25-ae11-da860444a44
1715812643971:product --action enable --id 93e9f840-e874-4e25-ae11-da860444a44
1715812806840:product --action enable --id 93e9f840-e874-4e25-ae11-da860444a440
1715812828670:product --action disable --id 93e9f840-e874-4e25-ae11-da860444a440
